Command line:
   float_add_tb_isim_beh.exe
     -simmode  gui
     -simrunnum  0
     -socket  50160

Sun Jan 27 11:22:39 2019


 Elaboration Time: 0.171601 sec

 Current Memory Usage: 659.431 Meg

 Total Signals          : 35
 Total Nets             : 76
 Total Signal Drivers   : 16
 Total Blocks           : 6
 Total Primitive Blocks : 4
 Total Processes        : 18
 Total Traceable Variables  : 21
 Total Scalar Nets and Variables : 180
Total Line Count : 75

 Total Simulation Time: 0.374402 sec

 Current Memory Usage: 659.431 Meg

Sun Jan 27 11:33:01 2019

