Running: C:\Xilinx\14.7\ISE_DS\ISE\bin\nt\unwrapped\fuse.exe -intstyle ise -incremental -lib unisims_ver -lib unimacro_ver -lib xilinxcorelib_ver -lib secureip -o Z:/groups/02/lab1/cam_tb_isim_beh.exe -prj Z:/groups/02/lab1/cam_tb_beh.prj work.cam_tb work.glbl 
ISim P.20131013 (signature 0x8ef4fb42)
Number of CPUs detected in this system: 2
Turning on mult-threading, number of parallel sub-compilation jobs: 4 
Determining compilation order of HDL files
Analyzing Verilog file "Z:/groups/02/lab1/encoder.v" into library work
Analyzing Verilog file "Z:/groups/02/lab1/cam.v" into library work
Analyzing Verilog file "Z:/groups/02/lab1/cam_tb.v" into library work
Analyzing Verilog file "C:/Xilinx/14.7/ISE_DS/ISE//verilog/src/glbl.v" into library work
Starting static elaboration
Completed static elaboration
Fuse Memory Usage: 105068 KB
Fuse CPU Usage: 514 ms
Compiling module encoder
Compiling module cam
Compiling module cam_tb
Compiling module glbl
Time Resolution for simulation is 1ps.
Waiting for 1 sub-compilation(s) to finish...
Compiled 4 Verilog Units
Built simulation executable Z:/groups/02/lab1/cam_tb_isim_beh.exe
Fuse Memory Usage: 129244 KB
Fuse CPU Usage: 654 ms
